\BOOKMARK [0][-]{chapter.5}{\376\377\000C\000r\000o\000s\000s\000\040\000P\000r\000o\000d\000u\000c\000t\000s\000,\000\040\000C\000u\000r\000v\000e\000s\000,\000\040\000a\000n\000d\000\040\000M\000o\000t\000i\000o\000n\000\040\000i\000n\000\040\000S\000p\000a\000c\000e}{}% 1
\BOOKMARK [1][-]{section.5.1}{\376\377\000W\000h\000y\000\040\000t\000h\000e\000\040\000c\000r\000o\000s\000s\000\040\000p\000r\000o\000d\000u\000c\000t\000\040\000i\000s\000\040\000n\000e\000e\000d\000e\000d}{chapter.5}% 2
\BOOKMARK [1][-]{section.5.2}{\376\377\000D\000e\000f\000i\000n\000i\000t\000i\000o\000n\000\040\000a\000n\000d\000\040\000c\000o\000m\000p\000u\000t\000a\000t\000i\000o\000n\000\040\000o\000f\000\040\000t\000h\000e\000\040\000c\000r\000o\000s\000s\000\040\000p\000r\000o\000d\000u\000c\000t}{chapter.5}% 3
\BOOKMARK [1][-]{section.5.3}{\376\377\000B\000a\000s\000i\000c\000\040\000p\000r\000o\000p\000e\000r\000t\000i\000e\000s\000\040\000o\000f\000\040\000t\000h\000e\000\040\000c\000r\000o\000s\000s\000\040\000p\000r\000o\000d\000u\000c\000t}{chapter.5}% 4
\BOOKMARK [2][-]{subsection.5.3.1}{\376\377\000S\000t\000a\000n\000d\000a\000r\000d\000\040\000b\000a\000s\000i\000s\000\040\000o\000r\000i\000e\000n\000t\000a\000t\000i\000o\000n}{section.5.3}% 5
\BOOKMARK [1][-]{section.5.4}{\376\377\000A\000r\000e\000a\000\040\000f\000r\000o\000m\000\040\000t\000h\000e\000\040\000c\000r\000o\000s\000s\000\040\000p\000r\000o\000d\000u\000c\000t}{chapter.5}% 6
\BOOKMARK [1][-]{section.5.5}{\376\377\000N\000o\000r\000m\000a\000l\000\040\000v\000e\000c\000t\000o\000r\000s\000\040\000a\000n\000d\000\040\000p\000l\000a\000n\000e\000s}{chapter.5}% 7
\BOOKMARK [1][-]{section.5.6}{\376\377\000S\000c\000a\000l\000a\000r\000\040\000t\000r\000i\000p\000l\000e\000\040\000p\000r\000o\000d\000u\000c\000t\000\040\000a\000n\000d\000\040\000v\000o\000l\000u\000m\000e}{chapter.5}% 8
\BOOKMARK [1][-]{section.5.7}{\376\377\000V\000e\000c\000t\000o\000r\000-\000v\000a\000l\000u\000e\000d\000\040\000f\000u\000n\000c\000t\000i\000o\000n\000s\000\040\000a\000n\000d\000\040\000s\000p\000a\000c\000e\000\040\000c\000u\000r\000v\000e\000s}{chapter.5}% 9
\BOOKMARK [1][-]{section.5.8}{\376\377\000D\000e\000r\000i\000v\000a\000t\000i\000v\000e\000s\000\040\000a\000n\000d\000\040\000i\000n\000t\000e\000g\000r\000a\000l\000s\000\040\000o\000f\000\040\000v\000e\000c\000t\000o\000r\000-\000v\000a\000l\000u\000e\000d\000\040\000f\000u\000n\000c\000t\000i\000o\000n\000s}{chapter.5}% 10
\BOOKMARK [1][-]{section.5.9}{\376\377\000M\000o\000t\000i\000o\000n\000\040\000i\000n\000\040\000s\000p\000a\000c\000e\000:\000\040\000v\000e\000l\000o\000c\000i\000t\000y\000,\000\040\000s\000p\000e\000e\000d\000,\000\040\000a\000n\000d\000\040\000a\000c\000c\000e\000l\000e\000r\000a\000t\000i\000o\000n}{chapter.5}% 11
\BOOKMARK [1][-]{section.5.10}{\376\377\000R\000e\000c\000o\000v\000e\000r\000i\000n\000g\000\040\000v\000e\000l\000o\000c\000i\000t\000y\000\040\000a\000n\000d\000\040\000p\000o\000s\000i\000t\000i\000o\000n\000\040\000f\000r\000o\000m\000\040\000a\000c\000c\000e\000l\000e\000r\000a\000t\000i\000o\000n}{chapter.5}% 12
\BOOKMARK [1][-]{section.5.11}{\376\377\000A\000r\000c\000\040\000l\000e\000n\000g\000t\000h}{chapter.5}% 13
\BOOKMARK [1][-]{section.5.12}{\376\377\000A\000r\000c\000\040\000l\000e\000n\000g\000t\000h\000\040\000p\000a\000r\000a\000m\000e\000t\000e\000r\000i\000z\000a\000t\000i\000o\000n}{chapter.5}% 14
\BOOKMARK [1][-]{section.5.13}{\376\377\000U\000n\000i\000t\000\040\000t\000a\000n\000g\000e\000n\000t\000\040\000v\000e\000c\000t\000o\000r}{chapter.5}% 15
\BOOKMARK [1][-]{section.5.14}{\376\377\000C\000u\000r\000v\000a\000t\000u\000r\000e}{chapter.5}% 16
\BOOKMARK [1][-]{section.5.15}{\376\377\000F\000i\000n\000d\000i\000n\000g\000\040\000w\000h\000e\000n\000\040\000s\000p\000e\000e\000d\000\040\000i\000s\000\040\000m\000i\000n\000i\000m\000i\000z\000e\000d}{chapter.5}% 17
\BOOKMARK [1][-]{section.5.16}{\376\377\000M\000o\000d\000e\000r\000n\000\040\000v\000i\000e\000w\000p\000o\000i\000n\000t\000:\000\040\000t\000r\000a\000j\000e\000c\000t\000o\000r\000i\000e\000s\000\040\000i\000n\000\040\000d\000a\000t\000a\000\040\000a\000n\000d\000\040\000o\000p\000t\000i\000m\000i\000z\000a\000t\000i\000o\000n}{chapter.5}% 18
\BOOKMARK [1][-]{section.5.17}{\376\377\000S\000u\000m\000m\000a\000r\000y\000\040\000o\000f\000\040\000c\000o\000r\000e\000\040\000f\000o\000r\000m\000u\000l\000a\000s}{chapter.5}% 19
\BOOKMARK [1][-]{section.5.18}{\376\377\000P\000r\000a\000c\000t\000i\000c\000e\000\040\000p\000r\000o\000b\000l\000e\000m\000s}{chapter.5}% 20
\BOOKMARK [1][-]{section.5.19}{\376\377\000C\000h\000a\000p\000t\000e\000r\000\040\000p\000r\000o\000j\000e\000c\000t\000:\000\040\000t\000r\000a\000c\000k\000i\000n\000g\000\040\000m\000o\000t\000i\000o\000n\000\040\000f\000r\000o\000m\000\040\000d\000a\000t\000a}{chapter.5}% 21
\BOOKMARK [1][-]{section.5.20}{\376\377\000W\000h\000a\000t\000\040\000c\000o\000m\000e\000s\000\040\000n\000e\000x\000t}{chapter.5}% 22
