\BOOKMARK [1][-]{section.1}{\376\377\000T\000h\000e\000\040\000f\000a\000m\000i\000l\000y\000\040\000o\000f\000\040\000f\000u\000n\000d\000a\000m\000e\000n\000t\000a\000l\000\040\000t\000h\000e\000o\000r\000e\000m\000s}{}% 1
\BOOKMARK [1][-]{section.2}{\376\377\000O\000r\000i\000e\000n\000t\000a\000t\000i\000o\000n\000\040\000a\000n\000d\000\040\000b\000o\000u\000n\000d\000a\000r\000y\000\040\000d\000i\000r\000e\000c\000t\000i\000o\000n}{}% 2
\BOOKMARK [1][-]{section.3}{\376\377\000S\000t\000o\000k\000e\000s\000\040\000t\000h\000e\000o\000r\000e\000m}{}% 3
\BOOKMARK [1][-]{section.4}{\376\377\000E\000x\000a\000m\000p\000l\000e\000:\000\040\000c\000i\000r\000c\000u\000l\000a\000t\000i\000o\000n\000\040\000a\000r\000o\000u\000n\000d\000\040\000a\000\040\000c\000i\000r\000c\000l\000e}{}% 4
\BOOKMARK [1][-]{section.5}{\376\377\000S\000t\000o\000k\000e\000s\000\040\000t\000h\000e\000o\000r\000e\000m\000\040\000a\000s\000\040\000a\000\040\000c\000o\000m\000p\000u\000t\000a\000t\000i\000o\000n\000a\000l\000\040\000s\000h\000o\000r\000t\000c\000u\000t}{}% 5
\BOOKMARK [1][-]{section.6}{\376\377\000O\000r\000i\000e\000n\000t\000a\000t\000i\000o\000n\000\040\000s\000i\000g\000n\000s\000\040\000i\000n\000\040\000S\000t\000o\000k\000e\000s\000\040\000t\000h\000e\000o\000r\000e\000m}{}% 6
\BOOKMARK [1][-]{section.7}{\376\377\000T\000h\000e\000\040\000D\000i\000v\000e\000r\000g\000e\000n\000c\000e\000\040\000t\000h\000e\000o\000r\000e\000m}{}% 7
\BOOKMARK [1][-]{section.8}{\376\377\000E\000x\000a\000m\000p\000l\000e\000:\000\040\000f\000l\000u\000x\000\040\000t\000h\000r\000o\000u\000g\000h\000\040\000a\000\040\000s\000p\000h\000e\000r\000e}{}% 8
\BOOKMARK [1][-]{section.9}{\376\377\000E\000x\000a\000m\000p\000l\000e\000:\000\040\000o\000u\000t\000w\000a\000r\000d\000\040\000f\000l\000u\000x\000\040\000t\000h\000r\000o\000u\000g\000h\000\040\000a\000\040\000b\000o\000x}{}% 9
\BOOKMARK [1][-]{section.10}{\376\377\000C\000h\000o\000o\000s\000i\000n\000g\000\040\000t\000h\000e\000\040\000r\000i\000g\000h\000t\000\040\000t\000h\000e\000o\000r\000e\000m}{}% 10
\BOOKMARK [1][-]{section.11}{\376\377\000E\000x\000a\000m\000p\000l\000e\000:\000\040\000u\000s\000i\000n\000g\000\040\000S\000t\000o\000k\000e\000s\000\040\000t\000h\000e\000o\000r\000e\000m\000\040\000o\000n\000\040\000a\000\040\000t\000i\000l\000t\000e\000d\000\040\000t\000r\000i\000a\000n\000g\000l\000e}{}% 11
\BOOKMARK [1][-]{section.12}{\376\377\000E\000x\000a\000m\000p\000l\000e\000:\000\040\000o\000p\000e\000n\000\040\000s\000u\000r\000f\000a\000c\000e\000\040\000p\000l\000u\000s\000\040\000m\000i\000s\000s\000i\000n\000g\000\040\000c\000a\000p}{}% 12
\BOOKMARK [1][-]{section.13}{\376\377\000N\000u\000m\000e\000r\000i\000c\000a\000l\000\040\000v\000e\000r\000i\000f\000i\000c\000a\000t\000i\000o\000n\000\040\000o\000f\000\040\000S\000t\000o\000k\000e\000s\000\040\000t\000h\000e\000o\000r\000e\000m}{}% 13
\BOOKMARK [1][-]{section.14}{\376\377\000N\000u\000m\000e\000r\000i\000c\000a\000l\000\040\000v\000e\000r\000i\000f\000i\000c\000a\000t\000i\000o\000n\000\040\000o\000f\000\040\000t\000h\000e\000\040\000D\000i\000v\000e\000r\000g\000e\000n\000c\000e\000\040\000t\000h\000e\000o\000r\000e\000m}{}% 14
\BOOKMARK [1][-]{section.15}{\376\377\000C\000o\000n\000s\000e\000r\000v\000a\000t\000i\000o\000n\000\040\000l\000a\000w\000s\000\040\000a\000n\000d\000\040\000a\000p\000p\000l\000i\000e\000d\000\040\000i\000n\000t\000e\000r\000p\000r\000e\000t\000a\000t\000i\000o\000n}{}% 15
\BOOKMARK [1][-]{section.16}{\376\377\000S\000u\000m\000m\000a\000r\000y\000\040\000o\000f\000\040\000t\000h\000e\000\040\000f\000o\000u\000r\000\040\000g\000l\000o\000b\000a\000l\000\040\000t\000h\000e\000o\000r\000e\000m\000s}{}% 16
\BOOKMARK [1][-]{section.17}{\376\377\000C\000o\000m\000m\000o\000n\000\040\000m\000i\000s\000t\000a\000k\000e\000s}{}% 17
\BOOKMARK [1][-]{section.18}{\376\377\000E\000x\000e\000r\000c\000i\000s\000e\000s}{}% 18
\BOOKMARK [1][-]{section.19}{\376\377\000P\000y\000t\000h\000o\000n\000\040\000l\000a\000b\000\040\000a\000n\000d\000\040\000i\000n\000t\000e\000r\000a\000c\000t\000i\000v\000e\000\040\000p\000a\000g\000e}{}% 19
\BOOKMARK [1][-]{section.20}{\376\377\000C\000h\000a\000p\000t\000e\000r\000\040\000s\000u\000m\000m\000a\000r\000y}{}% 20
