\BOOKMARK [0][-]{chapter.4}{\376\377\000L\000i\000n\000e\000s\000,\000\040\000P\000l\000a\000n\000e\000s\000,\000\040\000H\000y\000p\000e\000r\000p\000l\000a\000n\000e\000s\000,\000\040\000a\000n\000d\000\040\000P\000a\000r\000a\000m\000e\000t\000r\000i\000c\000\040\000G\000e\000o\000m\000e\000t\000r\000y}{}% 1
\BOOKMARK [1][-]{section.4.1}{\376\377\000W\000h\000y\000\040\000p\000a\000r\000a\000m\000e\000t\000r\000i\000c\000\040\000g\000e\000o\000m\000e\000t\000r\000y\000\040\000m\000a\000t\000t\000e\000r\000s}{chapter.4}% 2
\BOOKMARK [1][-]{section.4.2}{\376\377\000L\000i\000n\000e\000s\000\040\000i\000n\000\040\000t\000h\000e\000\040\000p\000l\000a\000n\000e}{chapter.4}% 3
\BOOKMARK [2][-]{subsection.4.2.1}{\376\377\000S\000l\000o\000p\000e\000\040\000f\000o\000r\000m}{section.4.2}% 4
\BOOKMARK [2][-]{subsection.4.2.2}{\376\377\000V\000e\000c\000t\000o\000r\000\040\000f\000o\000r\000m}{section.4.2}% 5
\BOOKMARK [2][-]{subsection.4.2.3}{\376\377\000P\000o\000i\000n\000t\000-\000n\000o\000r\000m\000a\000l\000\040\000f\000o\000r\000m\000\040\000i\000n\000\040\000t\000h\000e\000\040\000p\000l\000a\000n\000e}{section.4.2}% 6
\BOOKMARK [1][-]{section.4.3}{\376\377\000L\000i\000n\000e\000s\000\040\000i\000n\000\040\000R\000n}{chapter.4}% 7
\BOOKMARK [2][-]{subsection.4.3.1}{\376\377\000L\000i\000n\000e\000s\000\040\000i\000n\000\040\000R\0003}{section.4.3}% 8
\BOOKMARK [1][-]{section.4.4}{\376\377\000L\000i\000n\000e\000\040\000s\000e\000g\000m\000e\000n\000t\000s\000\040\000a\000n\000d\000\040\000i\000n\000t\000e\000r\000p\000o\000l\000a\000t\000i\000o\000n}{chapter.4}% 9
\BOOKMARK [1][-]{section.4.5}{\376\377\000P\000l\000a\000n\000e\000s\000\040\000i\000n\000\040\000R\0003\000:\000\040\000p\000o\000i\000n\000t\000-\000n\000o\000r\000m\000a\000l\000\040\000f\000o\000r\000m}{chapter.4}% 10
\BOOKMARK [1][-]{section.4.6}{\376\377\000P\000l\000a\000n\000e\000s\000\040\000f\000r\000o\000m\000\040\000t\000h\000r\000e\000e\000\040\000p\000o\000i\000n\000t\000s}{chapter.4}% 11
\BOOKMARK [1][-]{section.4.7}{\376\377\000P\000a\000r\000a\000m\000e\000t\000r\000i\000c\000\040\000f\000o\000r\000m\000\040\000o\000f\000\040\000a\000\040\000p\000l\000a\000n\000e}{chapter.4}% 12
\BOOKMARK [1][-]{section.4.8}{\376\377\000I\000n\000t\000e\000r\000s\000e\000c\000t\000i\000o\000n\000s}{chapter.4}% 13
\BOOKMARK [2][-]{subsection.4.8.1}{\376\377\000L\000i\000n\000e\000-\000p\000l\000a\000n\000e\000\040\000i\000n\000t\000e\000r\000s\000e\000c\000t\000i\000o\000n}{section.4.8}% 14
\BOOKMARK [2][-]{subsection.4.8.2}{\376\377\000I\000n\000t\000e\000r\000s\000e\000c\000t\000i\000o\000n\000\040\000o\000f\000\040\000t\000w\000o\000\040\000p\000l\000a\000n\000e\000s}{section.4.8}% 15
\BOOKMARK [1][-]{section.4.9}{\376\377\000A\000n\000g\000l\000e\000s\000\040\000i\000n\000v\000o\000l\000v\000i\000n\000g\000\040\000l\000i\000n\000e\000s\000\040\000a\000n\000d\000\040\000p\000l\000a\000n\000e\000s}{chapter.4}% 16
\BOOKMARK [2][-]{subsection.4.9.1}{\376\377\000A\000n\000g\000l\000e\000\040\000b\000e\000t\000w\000e\000e\000n\000\040\000t\000w\000o\000\040\000l\000i\000n\000e\000s}{section.4.9}% 17
\BOOKMARK [2][-]{subsection.4.9.2}{\376\377\000A\000n\000g\000l\000e\000\040\000b\000e\000t\000w\000e\000e\000n\000\040\000t\000w\000o\000\040\000p\000l\000a\000n\000e\000s}{section.4.9}% 18
\BOOKMARK [1][-]{section.4.10}{\376\377\000D\000i\000s\000t\000a\000n\000c\000e\000s\000\040\000t\000o\000\040\000l\000i\000n\000e\000s\000,\000\040\000p\000l\000a\000n\000e\000s\000,\000\040\000a\000n\000d\000\040\000h\000y\000p\000e\000r\000p\000l\000a\000n\000e\000s}{chapter.4}% 19
\BOOKMARK [2][-]{subsection.4.10.1}{\376\377\000D\000i\000s\000t\000a\000n\000c\000e\000\040\000f\000r\000o\000m\000\040\000a\000\040\000p\000o\000i\000n\000t\000\040\000t\000o\000\040\000a\000\040\000p\000l\000a\000n\000e}{section.4.10}% 20
\BOOKMARK [2][-]{subsection.4.10.2}{\376\377\000D\000i\000s\000t\000a\000n\000c\000e\000\040\000f\000r\000o\000m\000\040\000a\000\040\000p\000o\000i\000n\000t\000\040\000t\000o\000\040\000a\000\040\000l\000i\000n\000e\000\040\000i\000n\000\040\000R\0003}{section.4.10}% 21
\BOOKMARK [1][-]{section.4.11}{\376\377\000H\000y\000p\000e\000r\000p\000l\000a\000n\000e\000s\000\040\000i\000n\000\040\000R\000n}{chapter.4}% 22
\BOOKMARK [2][-]{subsection.4.11.1}{\376\377\000H\000y\000p\000e\000r\000p\000l\000a\000n\000e\000s\000\040\000a\000n\000d\000\040\000l\000i\000n\000e\000a\000r\000\040\000c\000l\000a\000s\000s\000i\000f\000i\000e\000r\000s}{section.4.11}% 23
\BOOKMARK [1][-]{section.4.12}{\376\377\000A\000f\000f\000i\000n\000e\000\040\000s\000u\000b\000s\000p\000a\000c\000e\000s\000\040\000a\000n\000d\000\040\000c\000o\000n\000s\000t\000r\000a\000i\000n\000t\000s}{chapter.4}% 24
\BOOKMARK [1][-]{section.4.13}{\376\377\000C\000o\000m\000p\000u\000t\000a\000t\000i\000o\000n\000a\000l\000\040\000t\000e\000m\000p\000l\000a\000t\000e\000s}{chapter.4}% 25
\BOOKMARK [1][-]{section.4.14}{\376\377\000P\000r\000o\000b\000l\000e\000m\000-\000s\000o\000l\000v\000i\000n\000g\000\040\000s\000t\000r\000a\000t\000e\000g\000i\000e\000s}{chapter.4}% 26
\BOOKMARK [1][-]{section.4.15}{\376\377\000W\000o\000r\000k\000e\000d\000\040\000r\000e\000v\000i\000e\000w\000\040\000e\000x\000a\000m\000p\000l\000e\000s}{chapter.4}% 27
\BOOKMARK [1][-]{section.4.16}{\376\377\000P\000y\000t\000h\000o\000n\000\040\000l\000a\000b\000\040\000p\000r\000e\000v\000i\000e\000w}{chapter.4}% 28
\BOOKMARK [1][-]{section.4.17}{\376\377\000E\000x\000e\000r\000c\000i\000s\000e\000s}{chapter.4}% 29
\BOOKMARK [1][-]{section.4.18}{\376\377\000C\000h\000a\000p\000t\000e\000r\000\040\000s\000u\000m\000m\000a\000r\000y}{chapter.4}% 30
